TN:
SF:src/FundMe.sol
DA:20,0
FN:20,FundMe.constructor
FNDA:0,FundMe.constructor
DA:21,0
DA:24,0
FN:24,FundMe.fund
FNDA:0,FundMe.fund
DA:25,0
BRDA:25,0,0,-
BRDA:25,0,1,-
DA:27,0
DA:28,0
DA:31,0
FN:31,FundMe.getVersion
FNDA:0,FundMe.getVersion
DA:32,0
DA:33,0
DA:36,0
FN:36,FundMe.onlyOwner
FNDA:0,FundMe.onlyOwner
DA:38,0
BRDA:38,1,0,-
DA:42,0
FN:42,FundMe.withdraw
FNDA:0,FundMe.withdraw
DA:43,0
DA:44,0
DA:45,0
DA:47,0
DA:56,0
DA:57,0
BRDA:57,2,0,-
BRDA:57,2,1,-
DA:71,0
FN:71,FundMe.fallback
FNDA:0,FundMe.fallback
DA:72,0
DA:75,0
FN:75,FundMe.receive
FNDA:0,FundMe.receive
DA:76,0
FNF:7
FNH:0
LF:22
LH:0
BRF:5
BRH:0
end_of_record
TN:
SF:src/PriceConverter.sol
DA:8,0
FN:8,PriceConverter.getPrice
FNDA:0,PriceConverter.getPrice
DA:9,0
DA:10,0
DA:11,0
DA:14,0
FN:14,PriceConverter.getETHAmountInUSD
FNDA:0,PriceConverter.getETHAmountInUSD
DA:15,0
FNF:2
FNH:0
LF:6
LH:0
BRF:0
BRH:0
end_of_record
